{
  "0 debug pnpm:scope": {
    "selected": 1
  },
  "1 debug pnpm:package-manifest": {
    "initial": {
      "name": "todo-app",
      "version": "1.0.0",
      "description": "",
      "main": "index.js",
      "scripts": {
        "test": "echo \"Error: no test specified\" && exit 1"
      },
      "keywords": [],
      "author": "",
      "license": "ISC"
    },
    "prefix": "/home/theia/my-todo-app/todo-app"
  },
  "2 debug pnpm:context": {
    "currentLockfileExists": false,
    "storeDir": "/home/theia/.pnpm-store/v3",
    "virtualStoreDir": "/home/theia/my-todo-app/todo-app/node_modules/.pnpm"
  },
  "3 debug pnpm:stage": {
    "prefix": "/home/theia/my-todo-app/todo-app",
    "stage": "resolution_started"
  },
  "4 debug pnpm:_dependency_resolved": {
    "resolution": "registry.npmjs.org/jsonwebtoken/9.0.2",
    "wanted": {
      "dependentId": ".",
      "name": "jsonwebtoken",
      "rawSpec": "latest"
    }
  },
  "5 debug pnpm:progress": {
    "packageId": "registry.npmjs.org/jsonwebtoken/9.0.2",
    "requester": "/home/theia/my-todo-app/todo-app",
    "status": "resolved"
  },
  "6 debug pnpm:progress": {
    "packageId": "registry.npmjs.org/jsonwebtoken/9.0.2",
    "requester": "/home/theia/my-todo-app/todo-app",
    "status": "found_in_store"
  },
  "7 debug pnpm:_dependency_resolved": {
    "resolution": "registry.npmjs.org/dotenv/16.4.5",
    "wanted": {
      "dependentId": ".",
      "name": "dotenv",
      "rawSpec": "latest"
    }
  },
  "8 debug pnpm:progress": {
    "packageId": "registry.npmjs.org/dotenv/16.4.5",
    "requester": "/home/theia/my-todo-app/todo-app",
    "status": "resolved"
  },
  "9 debug pnpm:progress": {
    "packageId": "registry.npmjs.org/dotenv/16.4.5",
    "requester": "/home/theia/my-todo-app/todo-app",
    "status": "found_in_store"
  },
  "10 debug pnpm:_dependency_resolved": {
    "resolution": "registry.npmjs.org/express/4.19.2",
    "wanted": {
      "dependentId": ".",
      "name": "express",
      "rawSpec": "latest"
    }
  },
  "11 debug pnpm:progress": {
    "packageId": "registry.npmjs.org/express/4.19.2",
    "requester": "/home/theia/my-todo-app/todo-app",
    "status": "resolved"
  },
  "12 debug pnpm:_dependency_resolved": {
    "resolution": "registry.npmjs.org/bcryptjs/2.4.3",
    "wanted": {
      "dependentId": ".",
      "name": "bcryptjs",
      "rawSpec": "latest"
    }
  },
  "13 debug pnpm:progress": {
    "packageId": "registry.npmjs.org/bcryptjs/2.4.3",
    "requester": "/home/theia/my-todo-app/todo-app",
    "status": "resolved"
  },
  "14 debug pnpm:progress": {
    "packageId": "registry.npmjs.org/express/4.19.2",
    "requester": "/home/theia/my-todo-app/todo-app",
    "status": "found_in_store"
  },
  "15 debug pnpm:progress": {
    "packageId": "registry.npmjs.org/bcryptjs/2.4.3",
    "requester": "/home/theia/my-todo-app/todo-app",
    "status": "found_in_store"
  },
  "16 warn pnpm:install-check": {
    "message": "Unsupported engine for registry.npmjs.org/mongoose/8.5.2: wanted: {\"node\":\">=16.20.1\"} (current: {\"node\":\"v14.18.2\",\"pnpm\":\"6.32.10\"})",
    "prefix": "/home/theia/my-todo-app/todo-app"
  },
  "17 debug pnpm:_dependency_resolved": {
    "resolution": "registry.npmjs.org/mongoose/8.5.2",
    "wanted": {
      "dependentId": ".",
      "name": "mongoose",
      "rawSpec": "latest"
    }
  },
  "18 debug pnpm:progress": {
    "packageId": "registry.npmjs.org/mongoose/8.5.2",
    "requester": "/home/theia/my-todo-app/todo-app",
    "status": "resolved"
  },
  "19 error pnpm": {
    "code": "ERR_PNPM_MALFORMED_METADATA",
    "hint": "This might mean that the package was unpublished from the registry",
    "err": {
      "name": "Error",
      "message": "Received malformed metadata for \"supabase-js\"",
      "code": "ERR_PNPM_MALFORMED_METADATA",
      "stack": "Error: Received malformed metadata for \"supabase-js\"\n    at default_1 (/usr/local/lib/node_modules/pnpm/dist/pnpm.cjs:85457:15)\n    at exports2.default (/usr/local/lib/node_modules/pnpm/dist/pnpm.cjs:85596:60)\n    at processTicksAndRejections (internal/process/task_queues.js:95:5)\n    at async resolveNpm (/usr/local/lib/node_modules/pnpm/dist/pnpm.cjs:86009:22)\n    at async Object.resolve (/usr/local/lib/node_modules/pnpm/dist/pnpm.cjs:86223:34)\n    at async run (/usr/local/lib/node_modules/pnpm/dist/pnpm.cjs:74299:23)"
    }
  },
  "20 debug pnpm": "Using cached meta from /home/theia/.cache/pnpm/metadata/registry.npmjs.org/supabase-js.json",
  "21 error pnpm": {
    "code": "ERR_PNPM_MALFORMED_METADATA",
    "hint": "This might mean that the package was unpublished from the registry",
    "pkgsStack": [],
    "err": {
      "name": "pnpm",
      "message": "Received malformed metadata for \"supabase-js\"",
      "code": "ERR_PNPM_MALFORMED_METADATA",
      "stack": "pnpm: Received malformed metadata for \"supabase-js\"\n    at default_1 (/usr/local/lib/node_modules/pnpm/dist/pnpm.cjs:85457:15)\n    at exports2.default (/usr/local/lib/node_modules/pnpm/dist/pnpm.cjs:85606:60)\n    at async resolveNpm (/usr/local/lib/node_modules/pnpm/dist/pnpm.cjs:86009:22)\n    at async Object.resolve (/usr/local/lib/node_modules/pnpm/dist/pnpm.cjs:86223:34)\n    at async run (/usr/local/lib/node_modules/pnpm/dist/pnpm.cjs:74299:23)"
    }
  }
}